<?xml version="1.0" encoding="utf-8"?><testsuites name="pytest tests"><testsuite name="pytest" errors="0" failures="0" skipped="0" tests="7" time="34.433" timestamp="2026-07-20T06:28:37.686856+00:00" hostname="agent-env-e906dfad-a642-4eaf-808e-b251e1bd57c5"><testcase classname="tests.test_bugfix_iteration2.TestFixtureOrdering" name="test_fixtures_endpoint_provides_needed_fields" time="8.153" /><testcase classname="tests.test_bugfix_iteration2.TestPlayerRename" name="test_pratik_gada_exists" time="4.302" /><testcase classname="tests.test_bugfix_iteration2.TestPlayerRename" name="test_no_pratik_m_shah" time="0.280" /><testcase classname="tests.test_bugfix_iteration2.TestLeaderboardRegression" name="test_leaderboard_shape_and_heet_top" time="7.046" /><testcase classname="tests.test_bugfix_iteration2.TestFixtureOrdering" name="test_expected_ref_order_scheduled_before_completed" time="6.334" /><testcase classname="tests.test_bugfix_iteration2.TestWebSocketRegression" name="test_ws_hello_received" time="0.223" /><testcase classname="tests.test_bugfix_iteration2.TestNewFixtureScheduledPlacement" name="test_created_fixture_sorts_in_scheduled_group" time="19.256" /></testsuite></testsuites>