<?xml version="1.0" encoding="utf-8"?><testsuites name="pytest tests"><testsuite name="pytest" errors="0" failures="1" skipped="0" tests="10" time="177.867" timestamp="2026-08-19T16:03:27.824607+00:00" hostname="agent-env-e906dfad-a642-4eaf-808e-b251e1bd57c5"><testcase classname="tests.test_edit_invariants.TestPlayerUpdate" name="test_update_name_preserves_is_captain" time="4.323" /><testcase classname="tests.test_edit_invariants.TestPlayerUpdate" name="test_existing_captain_rename_keeps_flag" time="2.156" /><testcase classname="tests.test_edit_invariants.TestPlayerUpdate" name="test_partial_update_resets_unspecified_fields" time="2.083"><failure message="AssertionError: DATA LOSS: category reset to 'beginner' when omitted from PUT body&#10;assert 'beginner' == 'advance'&#10;  &#10;  - advance&#10;  + beginner">tests/test_edit_invariants.py:126: in test_partial_update_resets_unspecified_fields
    assert d["category"] == "advance", (
E   AssertionError: DATA LOSS: category reset to 'beginner' when omitted from PUT body
E   assert 'beginner' == 'advance'
E     
E     - advance
E     + beginner</failure></testcase><testcase classname="tests.test_edit_invariants.TestPlayerUpdate" name="test_update_missing_player_404" time="0.537" /><testcase classname="tests.test_edit_invariants.TestCompletedMatchEdit" name="test_score_edit_preserves_status_winner_finished_at" time="39.914" /><testcase classname="tests.test_edit_invariants.TestCompletedMatchEdit" name="test_no_fields_returns_400" time="33.171" /><testcase classname="tests.test_edit_invariants.TestCompletedMatchEdit" name="test_update_missing_match_404" time="0.560" /><testcase classname="tests.test_edit_invariants.TestLeaderboardCascade" name="test_leaderboard_reflects_score_edit_exactly" time="47.475" /><testcase classname="tests.test_edit_invariants.TestLeaderboardCascade" name="test_fixture_aggregate_matches_match_sum" time="46.893" /><testcase classname="tests.test_edit_invariants" name="test_no_test_fixtures_left_on_court_9" time="0.637" /></testsuite></testsuites>