<?xml version="1.0" encoding="utf-8"?><testsuites name="pytest tests"><testsuite name="pytest" errors="0" failures="0" skipped="0" tests="9" time="22.369" timestamp="2026-08-19T16:09:41.524580+00:00" hostname="agent-env-e906dfad-a642-4eaf-808e-b251e1bd57c5"><testcase classname="tests.test_player_partial_update.TestPartialUpdate" name="test_name_only_preserves_other_fields" time="3.407" /><testcase classname="tests.test_player_partial_update.TestPartialUpdate" name="test_category_only_preserves_other_fields" time="1.835" /><testcase classname="tests.test_player_partial_update.TestPartialUpdate" name="test_team_id_only_moves_player" time="2.188" /><testcase classname="tests.test_player_partial_update.TestPartialUpdate" name="test_empty_body_returns_400" time="1.396" /><testcase classname="tests.test_player_partial_update.TestPartialUpdate" name="test_all_nulls_body_returns_400" time="1.403" /><testcase classname="tests.test_player_partial_update.TestPartialUpdate" name="test_full_body_put_still_works" time="1.859" /><testcase classname="tests.test_player_partial_update.TestPartialUpdate" name="test_is_captain_preserved_on_partial_put" time="1.068" /><testcase classname="tests.test_player_partial_update.TestPartialUpdate" name="test_update_nonexistent_player_404" time="0.534" /><testcase classname="tests.test_player_partial_update.TestPartialUpdate" name="test_unauthenticated_put_rejected" time="8.062" /></testsuite></testsuites>