<?xml version="1.0" encoding="utf-8"?><testsuites name="pytest tests"><testsuite name="pytest" errors="0" failures="0" skipped="0" tests="9" time="166.513" timestamp="2026-08-12T14:51:52.848457+00:00" hostname="agent-env-e906dfad-a642-4eaf-808e-b251e1bd57c5"><testcase classname="tests.test_1v1_and_round3" name="test_leaderboard_regression" time="1.052" /><testcase classname="tests.test_1v1_and_round3" name="test_teams_regression" time="0.888" /><testcase classname="tests.test_1v1_and_round3" name="test_players_regression" time="0.701" /><testcase classname="tests.test_1v1_and_round3" name="test_fixture_has_13_matches_3_3_4_3" time="19.866" /><testcase classname="tests.test_1v1_and_round3" name="test_1v1_match_start_ok" time="45.517" /><testcase classname="tests.test_1v1_and_round3" name="test_2v2_match_start_ok" time="37.625" /><testcase classname="tests.test_1v1_and_round3" name="test_zero_players_rejected" time="35.108" /><testcase classname="tests.test_1v1_and_round3" name="test_more_than_two_truncated" time="19.985" /><testcase classname="tests.test_1v1_and_round3" name="test_cleanup_all_created_fixtures" time="4.744" /></testsuite></testsuites>