<?xml version="1.0" encoding="utf-8"?><testsuites name="pytest tests"><testsuite name="pytest" errors="0" failures="2" skipped="0" tests="3" time="168.240" timestamp="2026-08-30T17:33:42.839581+00:00" hostname="agent-env-e906dfad-a642-4eaf-808e-b251e1bd57c5"><testcase classname="tests.test_restore_safety.TestWinnerFlipOnScoreEdit" name="test_put_score_crossover_does_not_flip_winner" time="66.951"><failure message="AssertionError: BUG: winner_team_id still points at the losing team after a crossover score edit (guard `status=='completed' and not winner_team_id` skips recompute)&#10;assert '9d5e9946-421...-737900563f10' == '22c074f2-7bb...-c4552c2c8fed'&#10;  &#10;  - 22c074f2-7bb5-4205-9d5d-c4552c2c8fed&#10;  + 9d5e9946-4215-4ce0-a8a7-737900563f10">E   AssertionError: BUG: winner_team_id still points at the losing team after a crossover score edit (guard `status=='completed' and not winner_team_id` skips recompute)
    assert '9d5e9946-421...-737900563f10' == '22c074f2-7bb...-c4552c2c8fed'
      
      - 22c074f2-7bb5-4205-9d5d-c4552c2c8fed
      + 9d5e9946-4215-4ce0-a8a7-737900563f10</failure></testcase><testcase classname="tests.test_restore_safety.TestWinnerFlipOnScoreEdit" name="test_restore_is_the_working_escape_hatch" time="71.339" /><testcase classname="tests.test_restore_safety.TestPartialPayloadDataLoss" name="test_matches_only_partial_list_wipes_other_matches" time="29.869"><failure message="AssertionError: DATA LOSS: matches-only payload with replace=True deleted 13 unrelated match docs (fixture F2 emptied). Callers MUST send the full matches collection.&#10;assert not ['861c7724-f826-4436-a413-0fc893aef67c', 'f29130da-7843-4d2a-aaaf-f5a1c31eec5d', '83944fa8-32d9-4de8-9178-ee196962afcc', 'd1697cde-475c-48b8-8b31-5c4ed49869a0', '7abbd689-466e-46f3-bf10-bf7e6f4b1740', '4f821f89-44d3-403b-b735-3517c80ef83e', ...]">E   AssertionError: DATA LOSS: matches-only payload with replace=True deleted 13 unrelated match docs (fixture F2 emptied). Callers MUST send the full matches collection.
    assert not ['861c7724-f826-4436-a413-0fc893aef67c', 'f29130da-7843-4d2a-aaaf-f5a1c31eec5d', '83944fa8-32d9-4de8-9178-ee196962afcc', 'd1697cde-475c-48b8-8b31-5c4ed49869a0', '7abbd689-466e-46f3-bf10-bf7e6f4b1740', '4f821f89-44d3-403b-b735-3517c80ef83e', ...]</failure></testcase></testsuite></testsuites>