<?xml version="1.0" encoding="utf-8"?><testsuites name="pytest tests"><testsuite name="pytest" errors="0" failures="2" skipped="0" tests="5" time="207.727" timestamp="2026-07-22T09:10:04.356544+00:00" hostname="agent-env-e906dfad-a642-4eaf-808e-b251e1bd57c5"><testcase classname="tests.test_edit_match.TestEditMatch" name="test_direct_score_edit_persists" time="44.606" /><testcase classname="tests.test_edit_match.TestEditMatch" name="test_target_score_edit_persists" time="41.189" /><testcase classname="tests.test_edit_match.TestEditMatch" name="test_edit_all_fields_together" time="40.321" /><testcase classname="tests.test_edit_match.TestEditMatch" name="test_auto_complete_on_edit_sets_winner" time="40.374"><failure message="AssertionError: Expected winner_team_id to auto-set to team_a on auto-complete, got None&#10;assert None == '91682dcd-c484-4705-b58b-3a8a5e09a45a'&#10; +  where None = &lt;built-in method get of dict object at 0xfc8b4f06f700&gt;('winner_team_id')&#10; +    where &lt;built-in method get of dict object at 0xfc8b4f06f700&gt; = {'id': '3d0f25fc-db3c-4b47-8f9e-17ef810cdda9', 'fixture_id': 'd0ee6092-5389-4047-af94-317e09dc358d', 'round_number': 1, 'match_number': 1, ...}.get">backend/tests/test_edit_match.py:119: in test_auto_complete_on_edit_sets_winner
    assert d.get("winner_team_id") == scenario["team_a_id"], (
E   AssertionError: Expected winner_team_id to auto-set to team_a on auto-complete, got None
E   assert None == '91682dcd-c484-4705-b58b-3a8a5e09a45a'
E    +  where None = &lt;built-in method get of dict object at 0xfc8b4f06f700&gt;('winner_team_id')
E    +    where &lt;built-in method get of dict object at 0xfc8b4f06f700&gt; = {'id': '3d0f25fc-db3c-4b47-8f9e-17ef810cdda9', 'fixture_id': 'd0ee6092-5389-4047-af94-317e09dc358d', 'round_number': 1, 'match_number': 1, ...}.get</failure></testcase><testcase classname="tests.test_edit_match.TestEditMatch" name="test_regression_score_plus_one" time="40.695"><failure message="AssertionError: {&quot;detail&quot;:[{&quot;type&quot;:&quot;missing&quot;,&quot;loc&quot;:[&quot;query&quot;,&quot;side&quot;],&quot;msg&quot;:&quot;Field required&quot;,&quot;input&quot;:null,&quot;url&quot;:&quot;https://errors.pydantic.dev/2.13/v/missing&quot;}]}&#10;assert 422 == 200&#10; +  where 422 = &lt;Response [422]&gt;.status_code">backend/tests/test_edit_match.py:129: in test_regression_score_plus_one
    assert r.status_code == 200, r.text
E   AssertionError: {"detail":[{"type":"missing","loc":["query","side"],"msg":"Field required","input":null,"url":"https://errors.pydantic.dev/2.13/v/missing"}]}
E   assert 422 == 200
E    +  where 422 = &lt;Response [422]&gt;.status_code</failure></testcase></testsuite></testsuites>