<?xml version="1.0" encoding="utf-8"?><testsuites name="pytest tests"><testsuite name="pytest" errors="0" failures="1" skipped="0" tests="7" time="327.033" timestamp="2026-07-22T09:37:23.596454+00:00" hostname="agent-env-e906dfad-a642-4eaf-808e-b251e1bd57c5"><testcase classname="tests.test_auto_complete_edit.TestRegressionScorePoint" name="test_score_point_still_completes_and_cascades" time="45.239" /><testcase classname="tests.test_auto_complete_edit.TestAutoCompleteOnEdit" name="test_team_a_wins_on_edit" time="41.758" /><testcase classname="tests.test_auto_complete_edit.TestAutoCompleteOnEdit" name="test_team_b_wins_on_edit" time="39.929" /><testcase classname="tests.test_auto_complete_edit.TestAutoCompleteOnEdit" name="test_tied_score_no_winner" time="39.907" /><testcase classname="tests.test_edit_match.TestEditMatch" name="test_auto_complete_on_edit_sets_winner" time="41.628" /><testcase classname="tests.test_auto_complete_edit.TestAutoCompleteOnEdit" name="test_cascade_round_and_fixture_complete_on_edit" time="169.773" /><testcase classname="tests.test_auto_complete_edit.TestAutoCompleteOnEdit" name="test_idempotency_completed_match_retains_winner" time="35.100"><failure message="AssertionError: {&quot;detail&quot;:&quot;Match not found&quot;}&#10;assert 404 == 200&#10; +  where 404 = &lt;Response [404]&gt;.status_code">backend/tests/test_auto_complete_edit.py:183: in test_idempotency_completed_match_retains_winner
    _assign_and_start_match(headers, fid, m1["id"], a, b)
backend/tests/test_auto_complete_edit.py:56: in _assign_and_start_match
    assert r.status_code == 200, r.text
E   AssertionError: {"detail":"Match not found"}
E   assert 404 == 200
E    +  where 404 = &lt;Response [404]&gt;.status_code</failure></testcase></testsuite></testsuites>