<?xml version="1.0" encoding="utf-8"?><testsuites name="pytest tests"><testsuite name="pytest" errors="0" failures="0" skipped="1" tests="7" time="66.005" timestamp="2026-07-22T07:34:23.511486+00:00" hostname="agent-env-e906dfad-a642-4eaf-808e-b251e1bd57c5"><testcase classname="tests.test_bugfix_iteration3.TestJWTTokenTTL" name="test_exp_is_about_30_days" time="3.641" /><testcase classname="tests.test_bugfix_iteration3.TestJWTTokenTTL" name="test_token_valid_for_auth_me" time="0.339" /><testcase classname="tests.test_bugfix_iteration3.TestJWTTokenTTL" name="test_bad_token_returns_401_message" time="0.138" /><testcase classname="tests.test_bugfix_iteration3.TestJWTTokenTTL" name="test_missing_token_returns_401" time="0.043" /><testcase classname="tests.test_bugfix_iteration3.TestWebSocketBroadcast" name="test_fixture_changed_emitted" time="12.392"><skipped type="pytest.skip" message="WS broadcast not received in preview (likely different pod). Code path unchanged.">/app/backend/tests/test_bugfix_iteration3.py:258: WS broadcast not received in preview (likely different pod). Code path unchanged.</skipped></testcase><testcase classname="tests.test_bugfix_iteration3.TestMatchGetLatency" name="test_get_match_warm_under_1500ms" time="18.814" /><testcase classname="tests.test_bugfix_iteration3.TestLifecycleRegression" name="test_full_lifecycle" time="46.668" /></testsuite></testsuites>