<?xml version="1.0" encoding="utf-8"?><testsuites name="pytest tests"><testsuite name="pytest" errors="0" failures="1" skipped="0" tests="10" time="97.144" timestamp="2026-08-19T16:10:10.272865+00:00" hostname="agent-env-e906dfad-a642-4eaf-808e-b251e1bd57c5"><testcase classname="tests.test_edit_invariants.TestPlayerUpdate" name="test_update_name_preserves_is_captain" time="3.987" /><testcase classname="tests.test_edit_invariants.TestPlayerUpdate" name="test_existing_captain_rename_keeps_flag" time="2.165" /><testcase classname="tests.test_edit_invariants.TestPlayerUpdate" name="test_partial_update_resets_unspecified_fields" time="2.072" /><testcase classname="tests.test_edit_invariants.TestPlayerUpdate" name="test_update_missing_player_404" time="0.544" /><testcase classname="tests.test_edit_invariants.TestCompletedMatchEdit" name="test_score_edit_preserves_status_winner_finished_at" time="46.418" /><testcase classname="tests.test_edit_invariants.TestLeaderboardCascade" name="test_leaderboard_reflects_score_edit_exactly" time="40.319"><failure message="assert 3 == (3 + 3)">tests/test_edit_invariants.py:226: in test_leaderboard_reflects_score_edit_exactly
    assert mid_a["points_for"] == before_a["points_for"] + 3
E   assert 3 == (3 + 3)</failure></testcase><testcase classname="tests.test_edit_invariants.TestCompletedMatchEdit" name="test_no_fields_returns_400" time="32.928" /><testcase classname="tests.test_edit_invariants.TestCompletedMatchEdit" name="test_update_missing_match_404" time="0.576" /><testcase classname="tests.test_edit_invariants.TestLeaderboardCascade" name="test_fixture_aggregate_matches_match_sum" time="46.828" /><testcase classname="tests.test_edit_invariants" name="test_no_test_fixtures_left_on_court_9" time="0.629" /></testsuite></testsuites>