<?xml version="1.0" encoding="utf-8"?><testsuites name="pytest tests"><testsuite name="pytest" errors="0" failures="0" skipped="0" tests="6" time="23.005" timestamp="2026-08-05T19:12:38.900086+00:00" hostname="agent-env-e906dfad-a642-4eaf-808e-b251e1bd57c5"><testcase classname="tests.test_fixture_dedup" name="test_fixtures_endpoint_ok" time="0.505" /><testcase classname="tests.test_fixture_dedup" name="test_no_scheduled_duplicate_of_completed_same_week" time="0.305" /><testcase classname="tests.test_fixture_dedup" name="test_leaderboard_math_sanity" time="1.070" /><testcase classname="tests.test_fixture_dedup" name="test_preview_state_all_zero_points" time="1.074" /><testcase classname="tests.test_fixture_dedup" name="test_delete_fixture_requires_auth" time="0.077" /><testcase classname="tests.test_fixture_dedup" name="test_create_and_delete_fixture_cascades_matches" time="19.426" /></testsuite></testsuites>