<?xml version="1.0" encoding="utf-8"?><testsuites name="pytest tests"><testsuite name="pytest" errors="0" failures="2" skipped="0" tests="8" time="99.176" timestamp="2026-08-30T17:31:20.477712+00:00" hostname="agent-env-e906dfad-a642-4eaf-808e-b251e1bd57c5"><testcase classname="tests.test_admin_restore.TestMaintAuth" name="test_restore_without_token_401" time="4.133" /><testcase classname="tests.test_admin_restore.TestMaintAuth" name="test_restore_wrong_token_401" time="0.192" /><testcase classname="tests.test_admin_restore.TestMaintAuth" name="test_backup_without_token_401" time="0.200" /><testcase classname="tests.test_admin_restore.TestMaintAuth" name="test_restore_correct_token_noop_200" time="2.810" /><testcase classname="tests.test_admin_restore.TestProdDataCorrection" name="test_manan_vs_mohik_r2m2_scores" time="1.256"><failure message="AssertionError: no MANAN vs MOHIK fixture found&#10;assert []">tests/test_admin_restore.py:146: in test_manan_vs_mohik_r2m2_scores
    assert fx, "no MANAN vs MOHIK fixture found"
E   AssertionError: no MANAN vs MOHIK fixture found
E   assert []</failure></testcase><testcase classname="tests.test_admin_restore.TestRestoreLeaderboardMath" name="test_score_swap_via_restore_updates_leaderboard_and_ids" time="76.744" /><testcase classname="tests.test_admin_restore.TestRestoreLeaderboardMath" name="test_restore_is_idempotent" time="4.950" /><testcase classname="tests.test_admin_restore.TestRestoreLeaderboardMath" name="test_replace_false_duplicates_docs" time="8.552"><failure message="AssertionError: replace=False created 2 duplicate docs for match id 753e9c94-0964-4b99-bf29-d307bc67c07a — no unique index on `id`&#10;assert 2 == 1&#10; +  where 2 = len([{'id': '753e9c94-0964-4b99-bf29-d307bc67c07a', 'fixture_id': 'e10e981b-8ef1-4333-b14d-8ea40aed4656', 'round_number': 1, 'match_number': 1, ...}, {'id': '753e9c94-0964-4b99-bf29-d307bc67c07a', 'fixture_id': 'e10e981b-8ef1-4333-b14d-8ea40aed4656', 'round_number': 1, 'match_number': 1, ...}])">tests/test_admin_restore.py:312: in test_replace_false_duplicates_docs
    assert len(dupes) == 1, (
E   AssertionError: replace=False created 2 duplicate docs for match id 753e9c94-0964-4b99-bf29-d307bc67c07a — no unique index on `id`
E   assert 2 == 1
E    +  where 2 = len([{'id': '753e9c94-0964-4b99-bf29-d307bc67c07a', 'fixture_id': 'e10e981b-8ef1-4333-b14d-8ea40aed4656', 'round_number': 1, 'match_number': 1, ...}, {'id': '753e9c94-0964-4b99-bf29-d307bc67c07a', 'fixture_id': 'e10e981b-8ef1-4333-b14d-8ea40aed4656', 'round_number': 1, 'match_number': 1, ...}])</failure></testcase></testsuite></testsuites>