<?xml version="1.0" encoding="utf-8"?><testsuites name="pytest tests"><testsuite name="pytest" errors="0" failures="0" skipped="0" tests="17" time="5.261" timestamp="2026-06-25T11:26:24.532170+00:00" hostname="agent-env-a4de50ee-565b-4c07-8cb8-fa77f94acd1c"><testcase classname="tests.test_picklescore_api" name="test_health" time="0.254" /><testcase classname="tests.test_picklescore_api.TestAuth" name="test_admin_login_ok" time="0.496" /><testcase classname="tests.test_picklescore_api.TestAuth" name="test_admin_login_bad_password" time="0.511" /><testcase classname="tests.test_picklescore_api.TestAuth" name="test_referee_login_ok" time="0.267" /><testcase classname="tests.test_picklescore_api.TestAuth" name="test_referee_login_bad_pin_digits" time="0.265" /><testcase classname="tests.test_picklescore_api.TestAuth" name="test_referee_login_non_digit_pin" time="0.042" /><testcase classname="tests.test_picklescore_api.TestAuth" name="test_referee_login_short_pin" time="0.042" /><testcase classname="tests.test_picklescore_api.TestPublic" name="test_teams_seeded" time="0.047" /><testcase classname="tests.test_picklescore_api.TestPublic" name="test_matches_list" time="0.045" /><testcase classname="tests.test_picklescore_api.TestPublic" name="test_leaderboard_initial" time="0.045" /><testcase classname="tests.test_picklescore_api.TestRBAC" name="test_create_match_no_token_unauth" time="0.042" /><testcase classname="tests.test_picklescore_api.TestRBAC" name="test_create_team_referee_forbidden" time="0.305" /><testcase classname="tests.test_picklescore_api.TestRBAC" name="test_create_match_referee_forbidden" time="0.088" /><testcase classname="tests.test_picklescore_api.TestMatchLifecycle" name="test_full_flow" time="1.488" /><testcase classname="tests.test_picklescore_api.TestRefereeAdmin" name="test_create_referee_and_login" time="0.835" /><testcase classname="tests.test_picklescore_api.TestRefereeAdmin" name="test_invalid_pin_rejected" time="0.041" /><testcase classname="tests.test_picklescore_api.TestWebSocket" name="test_ping_and_broadcast" time="0.366" /></testsuite></testsuites>