<?xml version="1.0" encoding="utf-8"?><testsuites name="pytest tests"><testsuite name="pytest" errors="0" failures="0" skipped="0" tests="11" time="3.865" timestamp="2026-06-25T12:12:06.712304+00:00" hostname="agent-env-a4de50ee-565b-4c07-8cb8-fa77f94acd1c"><testcase classname="backend.tests.test_picklescore_api" name="test_health" time="0.170" /><testcase classname="backend.tests.test_picklescore_api.TestAuth" name="test_referee_login_new_pin_ok" time="0.268" /><testcase classname="backend.tests.test_picklescore_api.TestAuth" name="test_referee_login_old_pin_rejected" time="0.265" /><testcase classname="backend.tests.test_picklescore_api.TestAuth" name="test_referee_login_bad_pin" time="0.265" /><testcase classname="backend.tests.test_picklescore_api.TestAuth" name="test_admin_login_still_works" time="0.268" /><testcase classname="backend.tests.test_picklescore_api.TestRefereeAdminEquivalence" name="test_referee_can_create_team_and_delete" time="0.184" /><testcase classname="backend.tests.test_picklescore_api.TestRefereeAdminEquivalence" name="test_referee_can_create_referee_and_delete" time="0.884" /><testcase classname="backend.tests.test_picklescore_api.TestRefereeAdminEquivalence" name="test_referee_can_create_fixture_and_match_update" time="0.289" /><testcase classname="backend.tests.test_picklescore_api" name="test_teams_seeded" time="0.050" /><testcase classname="backend.tests.test_picklescore_api.TestHappyPath" name="test_happy_path_referee_only" time="0.751" /><testcase classname="backend.tests.test_picklescore_api.TestWS" name="test_ws_hello_pong_and_broadcast" time="0.391" /></testsuite></testsuites>